This file contains any messages produced by compilers while
running configure, to aid debugging if configure makes a mistake.

It was created by configure, which was
generated by GNU Autoconf 2.69.  Invocation command line was

  $ ./configure --with-curl=DIR

## --------- ##
## Platform. ##
## --------- ##

hostname = iz2ze7hxl5q1kxxg8pmw5tz
uname -m = x86_64
uname -r = 3.10.0-693.2.2.el7.x86_64
uname -s = Linux
uname -v = #1 SMP Tue Sep 12 22:26:13 UTC 2017

/usr/bin/uname -p = x86_64
/bin/uname -X     = unknown

/bin/arch              = x86_64
/usr/bin/arch -k       = unknown
/usr/convex/getsysinfo = unknown
/usr/bin/hostinfo      = unknown
/bin/machine           = unknown
/usr/bin/oslevel       = unknown
/bin/universe          = unknown

PATH: /usr/local/apache-maven-3.5.4/bin
PATH: /usr/lib/jvm/java-1.8.0-openjdk-1.8.0.181-3.b13.el7_5.x86_64/bin
PATH: /usr/local/bin
PATH: /usr/bin
PATH: /usr/local/sbin
PATH: /usr/sbin
PATH: /home/weijian/.local/bin
PATH: /home/weijian/bin
PATH: /usr/local/apache-maven-3.5.4/bin
PATH: /usr/local/php/bin
PATH: /home/weijian/mytools


## ----------- ##
## Core tests. ##
## ----------- ##

configure:2309: checking for grep that handles long lines and -e
configure:2367: result: /usr/bin/grep
configure:2372: checking for egrep
configure:2434: result: /usr/bin/grep -E
configure:2439: checking for a sed that does not truncate output
configure:2493: result: /usr/bin/sed
configure:2630: checking for cc
configure:2646: found /usr/bin/cc
configure:2657: result: cc
configure:2688: checking for C compiler version
configure:2697: cc --version >&5
cc (GCC) 4.8.5 20150623 (Red Hat 4.8.5-28)
Copyright (C) 2015 Free Software Foundation, Inc.
This is free software; see the source for copying conditions.  There is NO
warranty; not even for MERCHANTABILITY or FITNESS FOR A PARTICULAR PURPOSE.

configure:2708: $? = 0
configure:2697: cc -v >&5
Using built-in specs.
COLLECT_GCC=cc
COLLECT_LTO_WRAPPER=/usr/libexec/gcc/x86_64-redhat-linux/4.8.5/lto-wrapper
Target: x86_64-redhat-linux
Configured with: ../configure --prefix=/usr --mandir=/usr/share/man --infodir=/usr/share/info --with-bugurl=http://bugzilla.redhat.com/bugzilla --enable-bootstrap --enable-shared --enable-threads=posix --enable-checking=release --with-system-zlib --enable-__cxa_atexit --disable-libunwind-exceptions --enable-gnu-unique-object --enable-linker-build-id --with-linker-hash-style=gnu --enable-languages=c,c++,objc,obj-c++,java,fortran,ada,go,lto --enable-plugin --enable-initfini-array --disable-libgcj --with-isl=/builddir/build/BUILD/gcc-4.8.5-20150702/obj-x86_64-redhat-linux/isl-install --with-cloog=/builddir/build/BUILD/gcc-4.8.5-20150702/obj-x86_64-redhat-linux/cloog-install --enable-gnu-indirect-function --with-tune=generic --with-arch_32=x86-64 --build=x86_64-redhat-linux
Thread model: posix
gcc version 4.8.5 20150623 (Red Hat 4.8.5-28) (GCC) 
configure:2708: $? = 0
configure:2697: cc -V >&5
cc: error: unrecognized command line option '-V'
cc: fatal error: no input files
compilation terminated.
configure:2708: $? = 4
configure:2697: cc -qversion >&5
cc: error: unrecognized command line option '-qversion'
cc: fatal error: no input files
compilation terminated.
configure:2708: $? = 4
configure:2728: checking whether the C compiler works
configure:2750: cc    conftest.c  >&5
configure:2754: $? = 0
configure:2802: result: yes
configure:2805: checking for C compiler default output file name
configure:2807: result: a.out
configure:2813: checking for suffix of executables
configure:2820: cc -o conftest    conftest.c  >&5
configure:2824: $? = 0
configure:2846: result: 
configure:2868: checking whether we are cross compiling
configure:2876: cc -o conftest    conftest.c  >&5
configure:2880: $? = 0
configure:2887: ./conftest
configure:2891: $? = 0
configure:2906: result: no
configure:2911: checking for suffix of object files
configure:2933: cc -c   conftest.c >&5
configure:2937: $? = 0
configure:2958: result: o
configure:2962: checking whether we are using the GNU C compiler
configure:2981: cc -c   conftest.c >&5
configure:2981: $? = 0
configure:2990: result: yes
configure:2999: checking whether cc accepts -g
configure:3019: cc -c -g  conftest.c >&5
configure:3019: $? = 0
configure:3060: result: yes
configure:3077: checking for cc option to accept ISO C89
configure:3140: cc  -c -g -O2  conftest.c >&5
configure:3140: $? = 0
configure:3153: result: none needed
configure:3179: checking how to run the C preprocessor
configure:3210: cc -E  conftest.c
configure:3210: $? = 0
configure:3224: cc -E  conftest.c
conftest.c:9:28: fatal error: ac_nonexistent.h: No such file or directory
 #include <ac_nonexistent.h>
                            ^
compilation terminated.
configure:3224: $? = 1
configure: failed program was:
| /* confdefs.h */
| #define PACKAGE_NAME ""
| #define PACKAGE_TARNAME ""
| #define PACKAGE_VERSION ""
| #define PACKAGE_STRING ""
| #define PACKAGE_BUGREPORT ""
| #define PACKAGE_URL ""
| /* end confdefs.h.  */
| #include <ac_nonexistent.h>
configure:3249: result: cc -E
configure:3269: cc -E  conftest.c
configure:3269: $? = 0
configure:3283: cc -E  conftest.c
conftest.c:9:28: fatal error: ac_nonexistent.h: No such file or directory
 #include <ac_nonexistent.h>
                            ^
compilation terminated.
configure:3283: $? = 1
configure: failed program was:
| /* confdefs.h */
| #define PACKAGE_NAME ""
| #define PACKAGE_TARNAME ""
| #define PACKAGE_VERSION ""
| #define PACKAGE_STRING ""
| #define PACKAGE_BUGREPORT ""
| #define PACKAGE_URL ""
| /* end confdefs.h.  */
| #include <ac_nonexistent.h>
configure:3314: checking for icc
configure:3323: result: no
configure:3337: checking for suncc
configure:3346: result: no
configure:3364: checking whether cc understands -c and -o together
configure:3392: cc -c conftest.c -o conftest2.o >&5
configure:3396: $? = 0
configure:3402: cc -c conftest.c -o conftest2.o >&5
configure:3406: $? = 0
configure:3461: result: yes
configure:3475: checking for system library directory
configure:3490: result: lib
configure:3497: checking if compiler supports -R
configure:3516: cc -o conftest -g -O2   conftest.c -R /usr/lib  >&5
cc: error: unrecognized command line option '-R'
configure:3516: $? = 1
configure: failed program was:
| /* confdefs.h */
| #define PACKAGE_NAME ""
| #define PACKAGE_TARNAME ""
| #define PACKAGE_VERSION ""
| #define PACKAGE_STRING ""
| #define PACKAGE_BUGREPORT ""
| #define PACKAGE_URL ""
| /* end confdefs.h.  */
| 
| int
| main ()
| {
| 
|   ;
|   return 0;
| }
configure:3526: result: no
configure:3531: checking if compiler supports -Wl,-rpath,
configure:3550: cc -o conftest -g -O2   conftest.c -Wl,-rpath,/usr/lib  >&5
configure:3550: $? = 0
configure:3560: result: yes
configure:3605: checking build system type
configure:3619: result: x86_64-unknown-linux-gnu
configure:3639: checking host system type
configure:3652: result: x86_64-unknown-linux-gnu
configure:3672: checking target system type
configure:3685: result: x86_64-unknown-linux-gnu
configure:3788: checking for PHP prefix
configure:3790: result: /usr/local/php
configure:3792: checking for PHP includes
configure:3794: result: -I/usr/local/php/include/php -I/usr/local/php/include/php/main -I/usr/local/php/include/php/TSRM -I/usr/local/php/include/php/Zend -I/usr/local/php/include/php/ext -I/usr/local/php/include/php/ext/date/lib
configure:3796: checking for PHP extension directory
configure:3798: result: /usr/local/php/lib/php/extensions/no-debug-non-zts-20170718
configure:3800: checking for PHP installed headers prefix
configure:3802: result: /usr/local/php/include/php
configure:3805: checking if debug is enabled
configure:3831: result: no
configure:3834: checking if zts is enabled
configure:3860: result: no
configure:3931: checking for re2c
configure:3961: result: no
configure:3986: WARNING: You will need re2c 0.13.4 or later if you want to regenerate PHP parsers.
configure:4000: checking for gawk
configure:4017: found /usr/bin/gawk
configure:4028: result: gawk
configure:4073: checking for GD support
configure:4113: result: yes, shared
configure:4122: checking for the location of libwebp
configure:4137: result: no
configure:4148: checking for the location of libjpeg
configure:4163: result: no
configure:4174: checking for the location of libpng
configure:4189: result: no
configure:4200: checking for the location of libz
configure:4215: result: no
configure:4225: checking for the location of libXpm
configure:4240: result: no
configure:4249: checking for FreeType 2
configure:4264: result: no
configure:4273: checking whether to enable JIS-mapped Japanese font support in GD
configure:4287: result: no
configure:4647: result: If configure fails try --with-webp-dir=<DIR>
configure:4942: result: If configure fails try --with-jpeg-dir=<DIR>
configure:5058: checking for png_write_image in -lpng
configure:5083: cc -o conftest -g -O2   -lz conftest.c -lpng   >&5
configure:5083: $? = 0
configure:5092: result: yes
configure:5732: result: If configure fails try --with-xpm-dir=<DIR>
configure:5890: result: If configure fails try --with-freetype-dir=<DIR>
configure:5916: checking for fabsf
configure:5916: cc -o conftest -g -O2   conftest.c  >&5
conftest.c:32:6: warning: conflicting types for built-in function 'fabsf' [enabled by default]
 char fabsf ();
      ^
/tmp/ccIuvmV6.o: In function `main':
/home/weijian/projects/php-7.2.10/ext/gd/conftest.c:43: undefined reference to `fabsf'
collect2: error: ld returned 1 exit status
configure:5916: $? = 1
configure: failed program was:
| /* confdefs.h */
| #define PACKAGE_NAME ""
| #define PACKAGE_TARNAME ""
| #define PACKAGE_VERSION ""
| #define PACKAGE_STRING ""
| #define PACKAGE_BUGREPORT ""
| #define PACKAGE_URL ""
| /* end confdefs.h.  */
| /* Define fabsf to an innocuous variant, in case <limits.h> declares fabsf.
|    For example, HP-UX 11i <limits.h> declares gettimeofday.  */
| #define fabsf innocuous_fabsf
| 
| /* System header to define __stub macros and hopefully few prototypes,
|     which can conflict with char fabsf (); below.
|     Prefer <limits.h> to <assert.h> if __STDC__ is defined, since
|     <limits.h> exists even on freestanding compilers.  */
| 
| #ifdef __STDC__
| # include <limits.h>
| #else
| # include <assert.h>
| #endif
| 
| #undef fabsf
| 
| /* Override any GCC internal prototype to avoid an error.
|    Use char because int might match the return type of a GCC
|    builtin and then its argument prototype would still apply.  */
| #ifdef __cplusplus
| extern "C"
| #endif
| char fabsf ();
| /* The GNU C library defines this for functions which it implements
|     to always fail with ENOSYS.  Some functions are actually named
|     something starting with __ and the normal name is an alias.  */
| #if defined __stub_fabsf || defined __stub___fabsf
| choke me
| #endif
| 
| int
| main ()
| {
| return fabsf ();
|   ;
|   return 0;
| }
configure:5916: result: no
configure:5916: checking for floorf
configure:5916: cc -o conftest -g -O2   conftest.c  >&5
conftest.c:32:6: warning: conflicting types for built-in function 'floorf' [enabled by default]
 char floorf ();
      ^
/tmp/cckbsWj7.o: In function `main':
/home/weijian/projects/php-7.2.10/ext/gd/conftest.c:43: undefined reference to `floorf'
collect2: error: ld returned 1 exit status
configure:5916: $? = 1
configure: failed program was:
| /* confdefs.h */
| #define PACKAGE_NAME ""
| #define PACKAGE_TARNAME ""
| #define PACKAGE_VERSION ""
| #define PACKAGE_STRING ""
| #define PACKAGE_BUGREPORT ""
| #define PACKAGE_URL ""
| /* end confdefs.h.  */
| /* Define floorf to an innocuous variant, in case <limits.h> declares floorf.
|    For example, HP-UX 11i <limits.h> declares gettimeofday.  */
| #define floorf innocuous_floorf
| 
| /* System header to define __stub macros and hopefully few prototypes,
|     which can conflict with char floorf (); below.
|     Prefer <limits.h> to <assert.h> if __STDC__ is defined, since
|     <limits.h> exists even on freestanding compilers.  */
| 
| #ifdef __STDC__
| # include <limits.h>
| #else
| # include <assert.h>
| #endif
| 
| #undef floorf
| 
| /* Override any GCC internal prototype to avoid an error.
|    Use char because int might match the return type of a GCC
|    builtin and then its argument prototype would still apply.  */
| #ifdef __cplusplus
| extern "C"
| #endif
| char floorf ();
| /* The GNU C library defines this for functions which it implements
|     to always fail with ENOSYS.  Some functions are actually named
|     something starting with __ and the normal name is an alias.  */
| #if defined __stub_floorf || defined __stub___floorf
| choke me
| #endif
| 
| int
| main ()
| {
| return floorf ();
|   ;
|   return 0;
| }
configure:5916: result: no
configure:9158: cc -o conftest -g -O2   conftest.c  -lpng -lz    >&5
configure:9158: $? = 0
configure:9158: ./conftest
configure:9158: $? = 0
configure:9479: checking for ld used by cc
configure:9546: result: /usr/bin/ld
configure:9553: checking if the linker (/usr/bin/ld) is GNU ld
configure:9568: result: yes
configure:9573: checking for /usr/bin/ld option to reload object files
configure:9580: result: -r
configure:9598: checking for BSD-compatible nm
configure:9647: result: /usr/bin/nm -B
configure:9651: checking whether ln -s works
configure:9655: result: yes
configure:9662: checking how to recognize dependent libraries
configure:9848: result: pass_all
configure:9933: cc -c -g -O2  conftest.c >&5
configure:9936: $? = 0
configure:10066: checking for ANSI C header files
configure:10086: cc -c -g -O2  conftest.c >&5
configure:10086: $? = 0
configure:10159: cc -o conftest -g -O2   conftest.c  >&5
configure:10159: $? = 0
configure:10159: ./conftest
configure:10159: $? = 0
configure:10170: result: yes
configure:10183: checking for sys/types.h
configure:10183: cc -c -g -O2  conftest.c >&5
configure:10183: $? = 0
configure:10183: result: yes
configure:10183: checking for sys/stat.h
configure:10183: cc -c -g -O2  conftest.c >&5
configure:10183: $? = 0
configure:10183: result: yes
configure:10183: checking for stdlib.h
configure:10183: cc -c -g -O2  conftest.c >&5
configure:10183: $? = 0
configure:10183: result: yes
configure:10183: checking for string.h
configure:10183: cc -c -g -O2  conftest.c >&5
configure:10183: $? = 0
configure:10183: result: yes
configure:10183: checking for memory.h
configure:10183: cc -c -g -O2  conftest.c >&5
configure:10183: $? = 0
configure:10183: result: yes
configure:10183: checking for strings.h
configure:10183: cc -c -g -O2  conftest.c >&5
configure:10183: $? = 0
configure:10183: result: yes
configure:10183: checking for inttypes.h
configure:10183: cc -c -g -O2  conftest.c >&5
configure:10183: $? = 0
configure:10183: result: yes
configure:10183: checking for stdint.h
configure:10183: cc -c -g -O2  conftest.c >&5
configure:10183: $? = 0
configure:10183: result: yes
configure:10183: checking for unistd.h
configure:10183: cc -c -g -O2  conftest.c >&5
configure:10183: $? = 0
configure:10183: result: yes
configure:10197: checking dlfcn.h usability
configure:10197: cc -c -g -O2  conftest.c >&5
configure:10197: $? = 0
configure:10197: result: yes
configure:10197: checking dlfcn.h presence
configure:10197: cc -E  conftest.c
configure:10197: $? = 0
configure:10197: result: yes
configure:10197: checking for dlfcn.h
configure:10197: result: yes
configure:10219: checking the maximum length of command line arguments
configure:10331: result: 1572864
configure:10343: checking command to parse /usr/bin/nm -B output from cc object
configure:10448: cc -c -g -O2  conftest.c >&5
configure:10451: $? = 0
configure:10455: /usr/bin/nm -B conftest.o \| sed -n -e 's/^.*[ 	]\([ABCDGIRSTW][ABCDGIRSTW]*\)[ 	][ 	]*\([_A-Za-z][_A-Za-z0-9]*\)$/\1 \2 \2/p' \> conftest.nm
configure:10458: $? = 0
configure:10510: cc -o conftest -g -O2   conftest.c conftstm.o >&5
configure:10513: $? = 0
configure:10551: result: ok
configure:10555: checking for objdir
configure:10570: result: .libs
configure:10662: checking for ar
configure:10678: found /usr/bin/ar
configure:10689: result: ar
configure:10754: checking for ranlib
configure:10770: found /usr/bin/ranlib
configure:10781: result: ranlib
configure:10846: checking for strip
configure:10862: found /usr/bin/strip
configure:10873: result: strip
configure:11442: checking if cc supports -fno-rtti -fno-exceptions
configure:11460: cc -c -g -O2  -fno-rtti -fno-exceptions conftest.c >&5
cc1: warning: command line option '-fno-rtti' is valid for C++/ObjC++ but not for C [enabled by default]
configure:11464: $? = 0
configure:11477: result: no
configure:11492: checking for cc option to produce PIC
configure:11732: result: -fPIC
configure:11740: checking if cc PIC flag -fPIC works
configure:11758: cc -c -g -O2  -fPIC -DPIC conftest.c >&5
configure:11762: $? = 0
configure:11775: result: yes
configure:11803: checking if cc static flag -static works
configure:11831: result: no
configure:11841: checking if cc supports -c -o file.o
configure:11862: cc -c -g -O2  -o out/conftest2.o conftest.c >&5
configure:11866: $? = 0
configure:11888: result: yes
configure:11914: checking whether the cc linker (/usr/bin/ld -m elf_x86_64) supports shared libraries
configure:12842: result: yes
configure:12863: checking whether -lc should be explicitly linked in
configure:12868: cc -c -g -O2  conftest.c >&5
configure:12871: $? = 0
configure:12886: cc -shared conftest.o  -v -Wl,-soname -Wl,conftest -o conftest 2\>\&1 \| grep  -lc  \>/dev/null 2\>\&1
configure:12889: $? = 0
configure:12901: result: no
configure:12909: checking dynamic linker characteristics
configure:13507: result: GNU/Linux ld.so
configure:13531: checking how to hardcode library paths into programs
configure:13556: result: immediate
configure:13570: checking whether stripping libraries is possible
configure:13575: result: yes
configure:14092: checking if libtool supports shared libraries
configure:14094: result: yes
configure:14097: checking whether to build shared libraries
configure:14118: result: yes
configure:14121: checking whether to build static libraries
configure:14125: result: no
configure:14220: result:
creating libtool
configure:17919: creating ./config.status

## ---------------------- ##
## Running config.status. ##
## ---------------------- ##

This file was extended by config.status, which was
generated by GNU Autoconf 2.69.  Invocation command line was

  CONFIG_FILES    = 
  CONFIG_HEADERS  = 
  CONFIG_LINKS    = 
  CONFIG_COMMANDS = 
  $ ./config.status 

on iz2ze7hxl5q1kxxg8pmw5tz

config.status:680: creating config.h
configure:18818: WARNING: unrecognized options: --with-curl

## ---------------- ##
## Cache variables. ##
## ---------------- ##

ac_cv_build=x86_64-unknown-linux-gnu
ac_cv_c_compiler_gnu=yes
ac_cv_env_CC_set=
ac_cv_env_CC_value=
ac_cv_env_CFLAGS_set=
ac_cv_env_CFLAGS_value=
ac_cv_env_CPPFLAGS_set=
ac_cv_env_CPPFLAGS_value=
ac_cv_env_CPP_set=
ac_cv_env_CPP_value=
ac_cv_env_LDFLAGS_set=
ac_cv_env_LDFLAGS_value=
ac_cv_env_LIBS_set=
ac_cv_env_LIBS_value=
ac_cv_env_build_alias_set=
ac_cv_env_build_alias_value=
ac_cv_env_host_alias_set=
ac_cv_env_host_alias_value=
ac_cv_env_target_alias_set=
ac_cv_env_target_alias_value=
ac_cv_func_fabsf=no
ac_cv_func_floorf=no
ac_cv_header_dlfcn_h=yes
ac_cv_header_inttypes_h=yes
ac_cv_header_memory_h=yes
ac_cv_header_stdc=yes
ac_cv_header_stdint_h=yes
ac_cv_header_stdlib_h=yes
ac_cv_header_string_h=yes
ac_cv_header_strings_h=yes
ac_cv_header_sys_stat_h=yes
ac_cv_header_sys_types_h=yes
ac_cv_header_unistd_h=yes
ac_cv_host=x86_64-unknown-linux-gnu
ac_cv_lib_png_png_write_image=yes
ac_cv_objext=o
ac_cv_path_EGREP='/usr/bin/grep -E'
ac_cv_path_GREP=/usr/bin/grep
ac_cv_prog_AWK=gawk
ac_cv_prog_CPP='cc -E'
ac_cv_prog_ac_ct_AR=ar
ac_cv_prog_ac_ct_CC=cc
ac_cv_prog_ac_ct_RANLIB=ranlib
ac_cv_prog_ac_ct_STRIP=strip
ac_cv_prog_cc_c89=
ac_cv_prog_cc_cc_c_o=yes
ac_cv_prog_cc_g=yes
ac_cv_target=x86_64-unknown-linux-gnu
lt_cv_deplibs_check_method=pass_all
lt_cv_file_magic_cmd='$MAGIC_CMD'
lt_cv_file_magic_test_file=
lt_cv_ld_reload_flag=-r
lt_cv_objdir=.libs
lt_cv_path_LD=/usr/bin/ld
lt_cv_path_NM='/usr/bin/nm -B'
lt_cv_path_SED=/usr/bin/sed
lt_cv_prog_compiler_c_o=yes
lt_cv_prog_compiler_pic_works=yes
lt_cv_prog_compiler_rtti_exceptions=no
lt_cv_prog_compiler_static_works=no
lt_cv_prog_gnu_ld=yes
lt_cv_sys_global_symbol_pipe='sed -n -e '\''s/^.*[ 	]\([ABCDGIRSTW][ABCDGIRSTW]*\)[ 	][ 	]*\([_A-Za-z][_A-Za-z0-9]*\)$/\1 \2 \2/p'\'''
lt_cv_sys_global_symbol_to_c_name_address='sed -n -e '\''s/^: \([^ ]*\) $/  {\"\1\", (lt_ptr) 0},/p'\'' -e '\''s/^[BCDEGRST] \([^ ]*\) \([^ ]*\)$/  {"\2", (lt_ptr) \&\2},/p'\'''
lt_cv_sys_global_symbol_to_cdecl='sed -n -e '\''s/^. .* \(.*\)$/extern int \1;/p'\'''
lt_cv_sys_lib_dlsearch_path_spec='/lib /usr/lib /usr/lib64/mysql /usr/local/lib '
lt_cv_sys_lib_search_path_spec='/usr/lib/gcc/x86_64-redhat-linux/4.8.5 /usr/lib64 /lib64'
lt_cv_sys_max_cmd_len=1572864
lt_lt_cv_prog_compiler_c_o='"yes"'
lt_lt_cv_sys_global_symbol_pipe='"sed -n -e '\''s/^.*[ 	]\\([ABCDGIRSTW][ABCDGIRSTW]*\\)[ 	][ 	]*\\([_A-Za-z][_A-Za-z0-9]*\\)\$/\\1 \\2 \\2/p'\''"'
lt_lt_cv_sys_global_symbol_to_c_name_address='"sed -n -e '\''s/^: \\([^ ]*\\) \$/  {\\\"\\1\\\", (lt_ptr) 0},/p'\'' -e '\''s/^[BCDEGRST] \\([^ ]*\\) \\([^ ]*\\)\$/  {\"\\2\", (lt_ptr) \\&\\2},/p'\''"'
lt_lt_cv_sys_global_symbol_to_cdecl='"sed -n -e '\''s/^. .* \\(.*\\)\$/extern int \\1;/p'\''"'
php_cv_cc_dashr=no
php_cv_cc_rpath=yes

## ----------------- ##
## Output variables. ##
## ----------------- ##

AR='ar'
AWK='gawk'
CC='cc'
CFLAGS='-g -O2'
CONFIGURE_COMMAND=' '\''./configure'\''  '\''--with-curl=DIR'\'''
CONFIGURE_OPTIONS=' '\''--with-curl=DIR'\'''
CPP='cc -E'
CPPFLAGS=' -DHAVE_CONFIG_H'
DEFS='-DHAVE_CONFIG_H'
DSYMUTIL=''
ECHO='echo'
ECHO_C=''
ECHO_N='-n'
ECHO_T=''
EGREP='/usr/bin/grep -E'
EXEEXT=''
GREP='/usr/bin/grep'
LDFLAGS=''
LIBOBJS=''
LIBS=''
LIBTOOL='$(SHELL) $(top_builddir)/libtool'
LN_S='ln -s'
LTLIBOBJS=''
NMEDIT=''
OBJEXT='o'
PACKAGE_BUGREPORT=''
PACKAGE_NAME=''
PACKAGE_STRING=''
PACKAGE_TARNAME=''
PACKAGE_URL=''
PACKAGE_VERSION=''
PATH_SEPARATOR=':'
RANLIB='ranlib'
RE2C='exit 0;'
SED='/usr/bin/sed'
SHELL='/bin/sh'
SHLIB_DL_SUFFIX_NAME='so'
SHLIB_SUFFIX_NAME='so'
STRIP='strip'
ac_ct_CC='cc'
bindir='${exec_prefix}/bin'
build='x86_64-unknown-linux-gnu'
build_alias=''
build_cpu='x86_64'
build_os='linux-gnu'
build_vendor='unknown'
datadir='${datarootdir}'
datarootdir='${prefix}/share'
docdir='${datarootdir}/doc/${PACKAGE}'
dvidir='${docdir}'
exec_prefix='$(prefix)'
host='x86_64-unknown-linux-gnu'
host_alias='x86_64-unknown-linux-gnu'
host_cpu='x86_64'
host_os='linux-gnu'
host_vendor='unknown'
htmldir='${docdir}'
includedir='${prefix}/include'
infodir='${datarootdir}/info'
libdir='${exec_prefix}/lib'
libexecdir='${exec_prefix}/libexec'
localedir='${datarootdir}/locale'
localstatedir='${prefix}/var'
mandir='${datarootdir}/man'
oldincludedir='/usr/include'
pdfdir='${docdir}'
prefix='/usr/local/php'
program_transform_name='s,x,x,'
psdir='${docdir}'
sbindir='${exec_prefix}/sbin'
sharedstatedir='${prefix}/com'
sysconfdir='${prefix}/etc'
target='x86_64-unknown-linux-gnu'
target_alias=''
target_cpu='x86_64'
target_os='linux-gnu'
target_vendor='unknown'

## ----------- ##
## confdefs.h. ##
## ----------- ##

/* confdefs.h */
#define PACKAGE_NAME ""
#define PACKAGE_TARNAME ""
#define PACKAGE_VERSION ""
#define PACKAGE_STRING ""
#define PACKAGE_BUGREPORT ""
#define PACKAGE_URL ""
#define HAVE_GD_BUNDLED 1
#define HAVE_GD_PNG 1
#define HAVE_GD_BMP 1
#define HAVE_GD_CACHE_CREATE 1
#define COMPILE_DL_GD 1
#define STDC_HEADERS 1
#define HAVE_SYS_TYPES_H 1
#define HAVE_SYS_STAT_H 1
#define HAVE_STDLIB_H 1
#define HAVE_STRING_H 1
#define HAVE_MEMORY_H 1
#define HAVE_STRINGS_H 1
#define HAVE_INTTYPES_H 1
#define HAVE_STDINT_H 1
#define HAVE_UNISTD_H 1
#define HAVE_DLFCN_H 1

configure: exit 0
